CRITICAL - 2025-03-12 10:19:55 --> CodeIgniter\View\Exceptions\ViewException: Invalid file: "pages/vwhome.php"
[Method: GET, Route: /]
in SYSTEMPATH\Exceptions\FrameworkException.php on line 39.
 1 SYSTEMPATH\View\View.php(212): CodeIgniter\Exceptions\FrameworkException::forInvalidFile()
 2 SYSTEMPATH\Common.php(1173): CodeIgniter\View\View->render()
 3 APPPATH\Controllers\Home.php(9): view()
 4 SYSTEMPATH\CodeIgniter.php(933): App\Controllers\Home->index()
 5 SYSTEMPATH\CodeIgniter.php(507): CodeIgniter\CodeIgniter->runController()
 6 SYSTEMPATH\CodeIgniter.php(354): CodeIgniter\CodeIgniter->handleRequest()
 7 SYSTEMPATH\Boot.php(334): CodeIgniter\CodeIgniter->run()
 8 SYSTEMPATH\Boot.php(67): CodeIgniter\Boot::runCodeIgniter()
 9 FCPATH\index.php(56): CodeIgniter\Boot::bootWeb()
ERROR - 2025-03-12 10:27:29 --> Error connecting to the database: mysqli_sql_exception: Access denied for user 'root'@'localhost' (using password: YES) in E:\UniServerZ\www\ci4\system\Database\MySQLi\Connection.php:201
Stack trace:
#0 E:\UniServerZ\www\ci4\system\Database\MySQLi\Connection.php(201): mysqli->real_connect()
#1 E:\UniServerZ\www\ci4\system\Database\BaseConnection.php(421): CodeIgniter\Database\MySQLi\Connection->connect()
#2 E:\UniServerZ\www\ci4\system\Database\BaseConnection.php(620): CodeIgniter\Database\BaseConnection->initialize()
#3 E:\UniServerZ\www\ci4\app\Models\Molanguage.php(34): CodeIgniter\Database\BaseConnection->query()
#4 E:\UniServerZ\www\ci4\app\Controllers\Ctrllanguage.php(13): App\Models\Molanguage->fread()
#5 E:\UniServerZ\www\ci4\system\CodeIgniter.php(933): App\Controllers\Ctrllanguage->Index()
#6 E:\UniServerZ\www\ci4\system\CodeIgniter.php(507): CodeIgniter\CodeIgniter->runController()
#7 E:\UniServerZ\www\ci4\system\CodeIgniter.php(354): CodeIgniter\CodeIgniter->handleRequest()
#8 E:\UniServerZ\www\ci4\system\Boot.php(334): CodeIgniter\CodeIgniter->run()
#9 E:\UniServerZ\www\ci4\system\Boot.php(67): CodeIgniter\Boot::runCodeIgniter()
#10 E:\UniServerZ\www\ci4\public\index.php(56): CodeIgniter\Boot::bootWeb()
#11 {main}

Next CodeIgniter\Database\Exceptions\DatabaseException: Access denied for user '****'@'localhost' (using password: YES) in E:\UniServerZ\www\ci4\system\Database\MySQLi\Connection.php:246
Stack trace:
#0 E:\UniServerZ\www\ci4\system\Database\BaseConnection.php(421): CodeIgniter\Database\MySQLi\Connection->connect()
#1 E:\UniServerZ\www\ci4\system\Database\BaseConnection.php(620): CodeIgniter\Database\BaseConnection->initialize()
#2 E:\UniServerZ\www\ci4\app\Models\Molanguage.php(34): CodeIgniter\Database\BaseConnection->query()
#3 E:\UniServerZ\www\ci4\app\Controllers\Ctrllanguage.php(13): App\Models\Molanguage->fread()
#4 E:\UniServerZ\www\ci4\system\CodeIgniter.php(933): App\Controllers\Ctrllanguage->Index()
#5 E:\UniServerZ\www\ci4\system\CodeIgniter.php(507): CodeIgniter\CodeIgniter->runController()
#6 E:\UniServerZ\www\ci4\system\CodeIgniter.php(354): CodeIgniter\CodeIgniter->handleRequest()
#7 E:\UniServerZ\www\ci4\system\Boot.php(334): CodeIgniter\CodeIgniter->run()
#8 E:\UniServerZ\www\ci4\system\Boot.php(67): CodeIgniter\Boot::runCodeIgniter()
#9 E:\UniServerZ\www\ci4\public\index.php(56): CodeIgniter\Boot::bootWeb()
#10 {main}
CRITICAL - 2025-03-12 10:27:29 --> CodeIgniter\Database\Exceptions\DatabaseException: Unable to connect to the database.
Main connection [MySQLi]: Access denied for user '****'@'localhost' (using password: YES)
[Method: POST, Route: Ctrllanguage]
in SYSTEMPATH\Database\BaseConnection.php on line 467.
 1 SYSTEMPATH\Database\BaseConnection.php(620): CodeIgniter\Database\BaseConnection->initialize()
 2 APPPATH\Models\Molanguage.php(34): CodeIgniter\Database\BaseConnection->query()
 3 APPPATH\Controllers\Ctrllanguage.php(13): App\Models\Molanguage->fread()
 4 SYSTEMPATH\CodeIgniter.php(933): App\Controllers\Ctrllanguage->Index()
 5 SYSTEMPATH\CodeIgniter.php(507): CodeIgniter\CodeIgniter->runController()
 6 SYSTEMPATH\CodeIgniter.php(354): CodeIgniter\CodeIgniter->handleRequest()
 7 SYSTEMPATH\Boot.php(334): CodeIgniter\CodeIgniter->run()
 8 SYSTEMPATH\Boot.php(67): CodeIgniter\Boot::runCodeIgniter()
 9 FCPATH\index.php(56): CodeIgniter\Boot::bootWeb()
ERROR - 2025-03-12 10:27:37 --> Error connecting to the database: mysqli_sql_exception: Access denied for user 'root'@'localhost' (using password: YES) in E:\UniServerZ\www\ci4\system\Database\MySQLi\Connection.php:201
Stack trace:
#0 E:\UniServerZ\www\ci4\system\Database\MySQLi\Connection.php(201): mysqli->real_connect()
#1 E:\UniServerZ\www\ci4\system\Database\BaseConnection.php(421): CodeIgniter\Database\MySQLi\Connection->connect()
#2 E:\UniServerZ\www\ci4\system\Database\BaseConnection.php(620): CodeIgniter\Database\BaseConnection->initialize()
#3 E:\UniServerZ\www\ci4\app\Models\Molanguage.php(34): CodeIgniter\Database\BaseConnection->query()
#4 E:\UniServerZ\www\ci4\app\Controllers\Ctrllanguage.php(13): App\Models\Molanguage->fread()
#5 E:\UniServerZ\www\ci4\system\CodeIgniter.php(933): App\Controllers\Ctrllanguage->Index()
#6 E:\UniServerZ\www\ci4\system\CodeIgniter.php(507): CodeIgniter\CodeIgniter->runController()
#7 E:\UniServerZ\www\ci4\system\CodeIgniter.php(354): CodeIgniter\CodeIgniter->handleRequest()
#8 E:\UniServerZ\www\ci4\system\Boot.php(334): CodeIgniter\CodeIgniter->run()
#9 E:\UniServerZ\www\ci4\system\Boot.php(67): CodeIgniter\Boot::runCodeIgniter()
#10 E:\UniServerZ\www\ci4\public\index.php(56): CodeIgniter\Boot::bootWeb()
#11 {main}

Next CodeIgniter\Database\Exceptions\DatabaseException: Access denied for user '****'@'localhost' (using password: YES) in E:\UniServerZ\www\ci4\system\Database\MySQLi\Connection.php:246
Stack trace:
#0 E:\UniServerZ\www\ci4\system\Database\BaseConnection.php(421): CodeIgniter\Database\MySQLi\Connection->connect()
#1 E:\UniServerZ\www\ci4\system\Database\BaseConnection.php(620): CodeIgniter\Database\BaseConnection->initialize()
#2 E:\UniServerZ\www\ci4\app\Models\Molanguage.php(34): CodeIgniter\Database\BaseConnection->query()
#3 E:\UniServerZ\www\ci4\app\Controllers\Ctrllanguage.php(13): App\Models\Molanguage->fread()
#4 E:\UniServerZ\www\ci4\system\CodeIgniter.php(933): App\Controllers\Ctrllanguage->Index()
#5 E:\UniServerZ\www\ci4\system\CodeIgniter.php(507): CodeIgniter\CodeIgniter->runController()
#6 E:\UniServerZ\www\ci4\system\CodeIgniter.php(354): CodeIgniter\CodeIgniter->handleRequest()
#7 E:\UniServerZ\www\ci4\system\Boot.php(334): CodeIgniter\CodeIgniter->run()
#8 E:\UniServerZ\www\ci4\system\Boot.php(67): CodeIgniter\Boot::runCodeIgniter()
#9 E:\UniServerZ\www\ci4\public\index.php(56): CodeIgniter\Boot::bootWeb()
#10 {main}
CRITICAL - 2025-03-12 10:27:37 --> CodeIgniter\Database\Exceptions\DatabaseException: Unable to connect to the database.
Main connection [MySQLi]: Access denied for user '****'@'localhost' (using password: YES)
[Method: POST, Route: Ctrllanguage]
in SYSTEMPATH\Database\BaseConnection.php on line 467.
 1 SYSTEMPATH\Database\BaseConnection.php(620): CodeIgniter\Database\BaseConnection->initialize()
 2 APPPATH\Models\Molanguage.php(34): CodeIgniter\Database\BaseConnection->query()
 3 APPPATH\Controllers\Ctrllanguage.php(13): App\Models\Molanguage->fread()
 4 SYSTEMPATH\CodeIgniter.php(933): App\Controllers\Ctrllanguage->Index()
 5 SYSTEMPATH\CodeIgniter.php(507): CodeIgniter\CodeIgniter->runController()
 6 SYSTEMPATH\CodeIgniter.php(354): CodeIgniter\CodeIgniter->handleRequest()
 7 SYSTEMPATH\Boot.php(334): CodeIgniter\CodeIgniter->run()
 8 SYSTEMPATH\Boot.php(67): CodeIgniter\Boot::runCodeIgniter()
 9 FCPATH\index.php(56): CodeIgniter\Boot::bootWeb()
ERROR - 2025-03-12 10:41:34 --> Error connecting to the database: mysqli_sql_exception: Access denied for user 'root'@'localhost' (using password: YES) in E:\UniServerZ\www\ci4\system\Database\MySQLi\Connection.php:201
Stack trace:
#0 E:\UniServerZ\www\ci4\system\Database\MySQLi\Connection.php(201): mysqli->real_connect()
#1 E:\UniServerZ\www\ci4\system\Database\BaseConnection.php(421): CodeIgniter\Database\MySQLi\Connection->connect()
#2 E:\UniServerZ\www\ci4\system\Database\BaseConnection.php(620): CodeIgniter\Database\BaseConnection->initialize()
#3 E:\UniServerZ\www\ci4\app\Models\Molanguage.php(34): CodeIgniter\Database\BaseConnection->query()
#4 E:\UniServerZ\www\ci4\app\Controllers\Ctrllanguage.php(13): App\Models\Molanguage->fread()
#5 E:\UniServerZ\www\ci4\system\CodeIgniter.php(933): App\Controllers\Ctrllanguage->Index()
#6 E:\UniServerZ\www\ci4\system\CodeIgniter.php(507): CodeIgniter\CodeIgniter->runController()
#7 E:\UniServerZ\www\ci4\system\CodeIgniter.php(354): CodeIgniter\CodeIgniter->handleRequest()
#8 E:\UniServerZ\www\ci4\system\Boot.php(334): CodeIgniter\CodeIgniter->run()
#9 E:\UniServerZ\www\ci4\system\Boot.php(67): CodeIgniter\Boot::runCodeIgniter()
#10 E:\UniServerZ\www\ci4\public\index.php(56): CodeIgniter\Boot::bootWeb()
#11 {main}

Next CodeIgniter\Database\Exceptions\DatabaseException: Access denied for user '****'@'localhost' (using password: YES) in E:\UniServerZ\www\ci4\system\Database\MySQLi\Connection.php:246
Stack trace:
#0 E:\UniServerZ\www\ci4\system\Database\BaseConnection.php(421): CodeIgniter\Database\MySQLi\Connection->connect()
#1 E:\UniServerZ\www\ci4\system\Database\BaseConnection.php(620): CodeIgniter\Database\BaseConnection->initialize()
#2 E:\UniServerZ\www\ci4\app\Models\Molanguage.php(34): CodeIgniter\Database\BaseConnection->query()
#3 E:\UniServerZ\www\ci4\app\Controllers\Ctrllanguage.php(13): App\Models\Molanguage->fread()
#4 E:\UniServerZ\www\ci4\system\CodeIgniter.php(933): App\Controllers\Ctrllanguage->Index()
#5 E:\UniServerZ\www\ci4\system\CodeIgniter.php(507): CodeIgniter\CodeIgniter->runController()
#6 E:\UniServerZ\www\ci4\system\CodeIgniter.php(354): CodeIgniter\CodeIgniter->handleRequest()
#7 E:\UniServerZ\www\ci4\system\Boot.php(334): CodeIgniter\CodeIgniter->run()
#8 E:\UniServerZ\www\ci4\system\Boot.php(67): CodeIgniter\Boot::runCodeIgniter()
#9 E:\UniServerZ\www\ci4\public\index.php(56): CodeIgniter\Boot::bootWeb()
#10 {main}
CRITICAL - 2025-03-12 10:41:34 --> CodeIgniter\Database\Exceptions\DatabaseException: Unable to connect to the database.
Main connection [MySQLi]: Access denied for user '****'@'localhost' (using password: YES)
[Method: POST, Route: Ctrllanguage]
in SYSTEMPATH\Database\BaseConnection.php on line 467.
 1 SYSTEMPATH\Database\BaseConnection.php(620): CodeIgniter\Database\BaseConnection->initialize()
 2 APPPATH\Models\Molanguage.php(34): CodeIgniter\Database\BaseConnection->query()
 3 APPPATH\Controllers\Ctrllanguage.php(13): App\Models\Molanguage->fread()
 4 SYSTEMPATH\CodeIgniter.php(933): App\Controllers\Ctrllanguage->Index()
 5 SYSTEMPATH\CodeIgniter.php(507): CodeIgniter\CodeIgniter->runController()
 6 SYSTEMPATH\CodeIgniter.php(354): CodeIgniter\CodeIgniter->handleRequest()
 7 SYSTEMPATH\Boot.php(334): CodeIgniter\CodeIgniter->run()
 8 SYSTEMPATH\Boot.php(67): CodeIgniter\Boot::runCodeIgniter()
 9 FCPATH\index.php(56): CodeIgniter\Boot::bootWeb()
ERROR - 2025-03-12 10:56:57 --> Error connecting to the database: mysqli_sql_exception: Access denied for user 'root'@'localhost' (using password: YES) in E:\UniServerZ\www\ci4\system\Database\MySQLi\Connection.php:201
Stack trace:
#0 E:\UniServerZ\www\ci4\system\Database\MySQLi\Connection.php(201): mysqli->real_connect()
#1 E:\UniServerZ\www\ci4\system\Database\BaseConnection.php(421): CodeIgniter\Database\MySQLi\Connection->connect()
#2 E:\UniServerZ\www\ci4\system\Database\BaseConnection.php(620): CodeIgniter\Database\BaseConnection->initialize()
#3 E:\UniServerZ\www\ci4\app\Models\Molanguage.php(34): CodeIgniter\Database\BaseConnection->query()
#4 E:\UniServerZ\www\ci4\app\Controllers\Ctrllanguage.php(13): App\Models\Molanguage->fread()
#5 E:\UniServerZ\www\ci4\system\CodeIgniter.php(933): App\Controllers\Ctrllanguage->Index()
#6 E:\UniServerZ\www\ci4\system\CodeIgniter.php(507): CodeIgniter\CodeIgniter->runController()
#7 E:\UniServerZ\www\ci4\system\CodeIgniter.php(354): CodeIgniter\CodeIgniter->handleRequest()
#8 E:\UniServerZ\www\ci4\system\Boot.php(334): CodeIgniter\CodeIgniter->run()
#9 E:\UniServerZ\www\ci4\system\Boot.php(67): CodeIgniter\Boot::runCodeIgniter()
#10 E:\UniServerZ\www\ci4\public\index.php(56): CodeIgniter\Boot::bootWeb()
#11 {main}

Next CodeIgniter\Database\Exceptions\DatabaseException: Access denied for user '****'@'localhost' (using password: YES) in E:\UniServerZ\www\ci4\system\Database\MySQLi\Connection.php:246
Stack trace:
#0 E:\UniServerZ\www\ci4\system\Database\BaseConnection.php(421): CodeIgniter\Database\MySQLi\Connection->connect()
#1 E:\UniServerZ\www\ci4\system\Database\BaseConnection.php(620): CodeIgniter\Database\BaseConnection->initialize()
#2 E:\UniServerZ\www\ci4\app\Models\Molanguage.php(34): CodeIgniter\Database\BaseConnection->query()
#3 E:\UniServerZ\www\ci4\app\Controllers\Ctrllanguage.php(13): App\Models\Molanguage->fread()
#4 E:\UniServerZ\www\ci4\system\CodeIgniter.php(933): App\Controllers\Ctrllanguage->Index()
#5 E:\UniServerZ\www\ci4\system\CodeIgniter.php(507): CodeIgniter\CodeIgniter->runController()
#6 E:\UniServerZ\www\ci4\system\CodeIgniter.php(354): CodeIgniter\CodeIgniter->handleRequest()
#7 E:\UniServerZ\www\ci4\system\Boot.php(334): CodeIgniter\CodeIgniter->run()
#8 E:\UniServerZ\www\ci4\system\Boot.php(67): CodeIgniter\Boot::runCodeIgniter()
#9 E:\UniServerZ\www\ci4\public\index.php(56): CodeIgniter\Boot::bootWeb()
#10 {main}
CRITICAL - 2025-03-12 10:56:57 --> CodeIgniter\Database\Exceptions\DatabaseException: Unable to connect to the database.
Main connection [MySQLi]: Access denied for user '****'@'localhost' (using password: YES)
[Method: POST, Route: Ctrllanguage]
in SYSTEMPATH\Database\BaseConnection.php on line 467.
 1 SYSTEMPATH\Database\BaseConnection.php(620): CodeIgniter\Database\BaseConnection->initialize()
 2 APPPATH\Models\Molanguage.php(34): CodeIgniter\Database\BaseConnection->query()
 3 APPPATH\Controllers\Ctrllanguage.php(13): App\Models\Molanguage->fread()
 4 SYSTEMPATH\CodeIgniter.php(933): App\Controllers\Ctrllanguage->Index()
 5 SYSTEMPATH\CodeIgniter.php(507): CodeIgniter\CodeIgniter->runController()
 6 SYSTEMPATH\CodeIgniter.php(354): CodeIgniter\CodeIgniter->handleRequest()
 7 SYSTEMPATH\Boot.php(334): CodeIgniter\CodeIgniter->run()
 8 SYSTEMPATH\Boot.php(67): CodeIgniter\Boot::runCodeIgniter()
 9 FCPATH\index.php(56): CodeIgniter\Boot::bootWeb()
ERROR - 2025-03-12 10:58:47 --> Error connecting to the database: mysqli_sql_exception: Access denied for user 'root'@'localhost' (using password: YES) in E:\UniServerZ\www\ci4\system\Database\MySQLi\Connection.php:201
Stack trace:
#0 E:\UniServerZ\www\ci4\system\Database\MySQLi\Connection.php(201): mysqli->real_connect()
#1 E:\UniServerZ\www\ci4\system\Database\BaseConnection.php(421): CodeIgniter\Database\MySQLi\Connection->connect()
#2 E:\UniServerZ\www\ci4\system\Database\BaseConnection.php(620): CodeIgniter\Database\BaseConnection->initialize()
#3 E:\UniServerZ\www\ci4\app\Models\Molanguage.php(34): CodeIgniter\Database\BaseConnection->query()
#4 E:\UniServerZ\www\ci4\app\Controllers\Ctrllanguage.php(13): App\Models\Molanguage->fread()
#5 E:\UniServerZ\www\ci4\system\CodeIgniter.php(933): App\Controllers\Ctrllanguage->Index()
#6 E:\UniServerZ\www\ci4\system\CodeIgniter.php(507): CodeIgniter\CodeIgniter->runController()
#7 E:\UniServerZ\www\ci4\system\CodeIgniter.php(354): CodeIgniter\CodeIgniter->handleRequest()
#8 E:\UniServerZ\www\ci4\system\Boot.php(334): CodeIgniter\CodeIgniter->run()
#9 E:\UniServerZ\www\ci4\system\Boot.php(67): CodeIgniter\Boot::runCodeIgniter()
#10 E:\UniServerZ\www\ci4\public\index.php(56): CodeIgniter\Boot::bootWeb()
#11 {main}

Next CodeIgniter\Database\Exceptions\DatabaseException: Access denied for user '****'@'localhost' (using password: YES) in E:\UniServerZ\www\ci4\system\Database\MySQLi\Connection.php:246
Stack trace:
#0 E:\UniServerZ\www\ci4\system\Database\BaseConnection.php(421): CodeIgniter\Database\MySQLi\Connection->connect()
#1 E:\UniServerZ\www\ci4\system\Database\BaseConnection.php(620): CodeIgniter\Database\BaseConnection->initialize()
#2 E:\UniServerZ\www\ci4\app\Models\Molanguage.php(34): CodeIgniter\Database\BaseConnection->query()
#3 E:\UniServerZ\www\ci4\app\Controllers\Ctrllanguage.php(13): App\Models\Molanguage->fread()
#4 E:\UniServerZ\www\ci4\system\CodeIgniter.php(933): App\Controllers\Ctrllanguage->Index()
#5 E:\UniServerZ\www\ci4\system\CodeIgniter.php(507): CodeIgniter\CodeIgniter->runController()
#6 E:\UniServerZ\www\ci4\system\CodeIgniter.php(354): CodeIgniter\CodeIgniter->handleRequest()
#7 E:\UniServerZ\www\ci4\system\Boot.php(334): CodeIgniter\CodeIgniter->run()
#8 E:\UniServerZ\www\ci4\system\Boot.php(67): CodeIgniter\Boot::runCodeIgniter()
#9 E:\UniServerZ\www\ci4\public\index.php(56): CodeIgniter\Boot::bootWeb()
#10 {main}
CRITICAL - 2025-03-12 10:58:47 --> CodeIgniter\Database\Exceptions\DatabaseException: Unable to connect to the database.
Main connection [MySQLi]: Access denied for user '****'@'localhost' (using password: YES)
[Method: POST, Route: Ctrllanguage]
in SYSTEMPATH\Database\BaseConnection.php on line 467.
 1 SYSTEMPATH\Database\BaseConnection.php(620): CodeIgniter\Database\BaseConnection->initialize()
 2 APPPATH\Models\Molanguage.php(34): CodeIgniter\Database\BaseConnection->query()
 3 APPPATH\Controllers\Ctrllanguage.php(13): App\Models\Molanguage->fread()
 4 SYSTEMPATH\CodeIgniter.php(933): App\Controllers\Ctrllanguage->Index()
 5 SYSTEMPATH\CodeIgniter.php(507): CodeIgniter\CodeIgniter->runController()
 6 SYSTEMPATH\CodeIgniter.php(354): CodeIgniter\CodeIgniter->handleRequest()
 7 SYSTEMPATH\Boot.php(334): CodeIgniter\CodeIgniter->run()
 8 SYSTEMPATH\Boot.php(67): CodeIgniter\Boot::runCodeIgniter()
 9 FCPATH\index.php(56): CodeIgniter\Boot::bootWeb()
ERROR - 2025-03-12 15:40:56 --> Error connecting to the database: mysqli_sql_exception: Access denied for user 'root'@'localhost' (using password: YES) in D:\UniServerZ\www\ci4\system\Database\MySQLi\Connection.php:201
Stack trace:
#0 D:\UniServerZ\www\ci4\system\Database\MySQLi\Connection.php(201): mysqli->real_connect()
#1 D:\UniServerZ\www\ci4\system\Database\BaseConnection.php(421): CodeIgniter\Database\MySQLi\Connection->connect()
#2 D:\UniServerZ\www\ci4\system\Database\BaseConnection.php(620): CodeIgniter\Database\BaseConnection->initialize()
#3 D:\UniServerZ\www\ci4\app\Models\Molanguage.php(34): CodeIgniter\Database\BaseConnection->query()
#4 D:\UniServerZ\www\ci4\app\Controllers\Ctrllanguage.php(13): App\Models\Molanguage->fread()
#5 D:\UniServerZ\www\ci4\system\CodeIgniter.php(933): App\Controllers\Ctrllanguage->Index()
#6 D:\UniServerZ\www\ci4\system\CodeIgniter.php(507): CodeIgniter\CodeIgniter->runController()
#7 D:\UniServerZ\www\ci4\system\CodeIgniter.php(354): CodeIgniter\CodeIgniter->handleRequest()
#8 D:\UniServerZ\www\ci4\system\Boot.php(334): CodeIgniter\CodeIgniter->run()
#9 D:\UniServerZ\www\ci4\system\Boot.php(67): CodeIgniter\Boot::runCodeIgniter()
#10 D:\UniServerZ\www\ci4\public\index.php(56): CodeIgniter\Boot::bootWeb()
#11 {main}

Next CodeIgniter\Database\Exceptions\DatabaseException: Access denied for user '****'@'localhost' (using password: YES) in D:\UniServerZ\www\ci4\system\Database\MySQLi\Connection.php:246
Stack trace:
#0 D:\UniServerZ\www\ci4\system\Database\BaseConnection.php(421): CodeIgniter\Database\MySQLi\Connection->connect()
#1 D:\UniServerZ\www\ci4\system\Database\BaseConnection.php(620): CodeIgniter\Database\BaseConnection->initialize()
#2 D:\UniServerZ\www\ci4\app\Models\Molanguage.php(34): CodeIgniter\Database\BaseConnection->query()
#3 D:\UniServerZ\www\ci4\app\Controllers\Ctrllanguage.php(13): App\Models\Molanguage->fread()
#4 D:\UniServerZ\www\ci4\system\CodeIgniter.php(933): App\Controllers\Ctrllanguage->Index()
#5 D:\UniServerZ\www\ci4\system\CodeIgniter.php(507): CodeIgniter\CodeIgniter->runController()
#6 D:\UniServerZ\www\ci4\system\CodeIgniter.php(354): CodeIgniter\CodeIgniter->handleRequest()
#7 D:\UniServerZ\www\ci4\system\Boot.php(334): CodeIgniter\CodeIgniter->run()
#8 D:\UniServerZ\www\ci4\system\Boot.php(67): CodeIgniter\Boot::runCodeIgniter()
#9 D:\UniServerZ\www\ci4\public\index.php(56): CodeIgniter\Boot::bootWeb()
#10 {main}
CRITICAL - 2025-03-12 15:40:56 --> CodeIgniter\Database\Exceptions\DatabaseException: Unable to connect to the database.
Main connection [MySQLi]: Access denied for user '****'@'localhost' (using password: YES)
[Method: POST, Route: Ctrllanguage]
in SYSTEMPATH\Database\BaseConnection.php on line 467.
 1 SYSTEMPATH\Database\BaseConnection.php(620): CodeIgniter\Database\BaseConnection->initialize()
 2 APPPATH\Models\Molanguage.php(34): CodeIgniter\Database\BaseConnection->query()
 3 APPPATH\Controllers\Ctrllanguage.php(13): App\Models\Molanguage->fread()
 4 SYSTEMPATH\CodeIgniter.php(933): App\Controllers\Ctrllanguage->Index()
 5 SYSTEMPATH\CodeIgniter.php(507): CodeIgniter\CodeIgniter->runController()
 6 SYSTEMPATH\CodeIgniter.php(354): CodeIgniter\CodeIgniter->handleRequest()
 7 SYSTEMPATH\Boot.php(334): CodeIgniter\CodeIgniter->run()
 8 SYSTEMPATH\Boot.php(67): CodeIgniter\Boot::runCodeIgniter()
 9 FCPATH\index.php(56): CodeIgniter\Boot::bootWeb()
CRITICAL - 2025-03-12 17:01:53 --> Error: Class "App\Models\UtentiModel" not found
[Method: GET, Route: testdatabase]
in APPPATH\Controllers\TestDatabase.php on line 12.
 1 SYSTEMPATH\CodeIgniter.php(933): App\Controllers\TestDatabase->index()
 2 SYSTEMPATH\CodeIgniter.php(507): CodeIgniter\CodeIgniter->runController()
 3 SYSTEMPATH\CodeIgniter.php(354): CodeIgniter\CodeIgniter->handleRequest()
 4 SYSTEMPATH\Boot.php(334): CodeIgniter\CodeIgniter->run()
 5 SYSTEMPATH\Boot.php(67): CodeIgniter\Boot::runCodeIgniter()
 6 FCPATH\index.php(56): CodeIgniter\Boot::bootWeb()
CRITICAL - 2025-03-12 17:09:10 --> Error: Class "App\Models\UtentiModel" not found
[Method: GET, Route: testdatabase]
in APPPATH\Controllers\TestDatabase.php on line 12.
 1 SYSTEMPATH\CodeIgniter.php(933): App\Controllers\TestDatabase->index()
 2 SYSTEMPATH\CodeIgniter.php(507): CodeIgniter\CodeIgniter->runController()
 3 SYSTEMPATH\CodeIgniter.php(354): CodeIgniter\CodeIgniter->handleRequest()
 4 SYSTEMPATH\Boot.php(334): CodeIgniter\CodeIgniter->run()
 5 SYSTEMPATH\Boot.php(67): CodeIgniter\Boot::runCodeIgniter()
 6 FCPATH\index.php(56): CodeIgniter\Boot::bootWeb()
